[08:38:42] [ServerMain/INFO]: Building unoptimized datafixer
[08:38:43] [ServerMain/WARN]: You specified a resource pack without providing a sha1 hash. Pack will be updated on the client only if you change the name of the pack.
[08:38:43] [ServerMain/INFO]: Environment: authHost='https://authserver.mojang.com', accountsHost='https://api.mojang.com', sessionHost='https://sessionserver.mojang.com', servicesHost='https://api.minecraftservices.com', name='PROD'
[08:38:45] [ServerMain/INFO]: Loaded 7 recipes
[08:38:46] [Server thread/INFO]: Starting minecraft server version 1.19.3
[08:38:46] [Server thread/INFO]: Loading properties
[08:38:46] [Server thread/INFO]: This server is running Paper version git-Paper-386 (MC: 1.19.3) (Implementing API version 1.19.3-R0.1-SNAPSHOT) (Git: 4da844f)
[08:38:46] [Server thread/INFO]: Server Ping Player Sample Count: 12
[08:38:46] [Server thread/INFO]: Using 4 threads for Netty based IO
[08:38:46] [Server thread/INFO]: [ChunkTaskScheduler] Chunk system is using 1 I/O threads, 3 worker threads, and gen parallelism of 3 threads
[08:38:46] [Server console handler/ERROR]: [TerminalConsole] Failed to read console input
java.io.IOException: The handle is invalid
	at java.io.FileInputStream.readBytes(Native Method) ~[?:?]
	at java.io.FileInputStream.read(FileInputStream.java:293) ~[?:?]
	at java.io.BufferedInputStream.read1(BufferedInputStream.java:308) ~[?:?]
	at java.io.BufferedInputStream.implRead(BufferedInputStream.java:382) ~[?:?]
	at java.io.BufferedInputStream.read(BufferedInputStream.java:361) ~[?:?]
	at sun.nio.cs.StreamDecoder.readBytes(StreamDecoder.java:333) ~[?:?]
	at sun.nio.cs.StreamDecoder.implRead(StreamDecoder.java:376) ~[?:?]
	at sun.nio.cs.StreamDecoder.lockedRead(StreamDecoder.java:219) ~[?:?]
	at sun.nio.cs.StreamDecoder.read(StreamDecoder.java:173) ~[?:?]
	at java.io.InputStreamReader.read(InputStreamReader.java:189) ~[?:?]
	at java.io.BufferedReader.fill(BufferedReader.java:161) ~[?:?]
	at java.io.BufferedReader.implReadLine(BufferedReader.java:371) ~[?:?]
	at java.io.BufferedReader.readLine(BufferedReader.java:348) ~[?:?]
	at java.io.BufferedReader.readLine(BufferedReader.java:437) ~[?:?]
	at net.minecrell.terminalconsole.SimpleTerminalConsole.readCommands(SimpleTerminalConsole.java:180) ~[terminalconsoleappender-1.3.0.jar:?]
	at net.minecrell.terminalconsole.SimpleTerminalConsole.start(SimpleTerminalConsole.java:143) ~[terminalconsoleappender-1.3.0.jar:?]
	at net.minecraft.server.dedicated.DedicatedServer$1.run(DedicatedServer.java:102) ~[paper-1.19.3.jar:git-Paper-386]
	Suppressed: java.io.IOException: The handle is invalid
		at java.io.FileDescriptor.close0(Native Method) ~[?:?]
		at java.io.FileDescriptor.close(FileDescriptor.java:297) ~[?:?]
		at java.io.FileInputStream$1.close(FileInputStream.java:523) ~[?:?]
		at java.io.FileDescriptor.closeAll(FileDescriptor.java:355) ~[?:?]
		at java.io.FileInputStream.close(FileInputStream.java:521) ~[?:?]
		at java.io.BufferedInputStream.close(BufferedInputStream.java:580) ~[?:?]
		at sun.nio.cs.StreamDecoder.implClose(StreamDecoder.java:429) ~[?:?]
		at sun.nio.cs.StreamDecoder.lockedClose(StreamDecoder.java:268) ~[?:?]
		at sun.nio.cs.StreamDecoder.close(StreamDecoder.java:253) ~[?:?]
		at java.io.InputStreamReader.close(InputStreamReader.java:204) ~[?:?]
		at java.io.BufferedReader.implClose(BufferedReader.java:637) ~[?:?]
		at java.io.BufferedReader.close(BufferedReader.java:622) ~[?:?]
		at net.minecrell.terminalconsole.SimpleTerminalConsole.readCommands(SimpleTerminalConsole.java:183) ~[terminalconsoleappender-1.3.0.jar:?]
		at net.minecrell.terminalconsole.SimpleTerminalConsole.start(SimpleTerminalConsole.java:143) ~[terminalconsoleappender-1.3.0.jar:?]
		at net.minecraft.server.dedicated.DedicatedServer$1.run(DedicatedServer.java:102) ~[paper-1.19.3.jar:git-Paper-386]
[08:38:46] [Server thread/INFO]: Default game type: SURVIVAL
[08:38:46] [Server thread/INFO]: Generating keypair
[08:38:46] [Server thread/INFO]: Starting Minecraft server on *:25565
[08:38:46] [Server thread/INFO]: Using default channel type
[08:38:46] [Server thread/INFO]: Paper: Using Java compression from Velocity.
[08:38:46] [Server thread/INFO]: Paper: Using Java cipher from Velocity.
[08:38:47] [Server thread/INFO]: [LuckPerms] Loading LuckPerms v5.4.40
[08:38:51] [Server thread/INFO]: [SmallPets] Loading SmallPets vbeta-7.2
[08:38:51] [Server thread/INFO]: 
[08:38:51] [Server thread/INFO]:    ___   ____
[08:38:51] [Server thread/INFO]:   |     |    |  SmallPets vbeta-7.2
[08:38:51] [Server thread/INFO]:   |___  |____|  Made by SmallCode
[08:38:51] [Server thread/INFO]:       | |
[08:38:51] [Server thread/INFO]:    ___| |
[08:38:51] [Server thread/INFO]: 
[08:38:51] [Server thread/INFO]: ○◯  SmallPets ◆ Loading language en ...
[08:38:51] [Server thread/INFO]: ○◯  SmallPets ◆ Language set to en.yml!
[08:38:51] [Server thread/INFO]: ○◯  SmallPets ◆ Loading experience table...
[08:38:51] [Server thread/INFO]: ○◯  SmallPets ◆ Experience table loaded!
[08:38:51] [Server thread/INFO]: [Chunky] Loading Chunky v1.3.52
[08:38:51] [Server thread/INFO]: [floodgate] Loading floodgate v2.2.0-SNAPSHOT (b74-4f36112)
[08:38:52] [Server thread/WARN]: [floodgate] en_CA is not a supported Floodgate language.
[08:38:52] [Server thread/INFO]: [floodgate] Took 454ms to boot Floodgate
[08:38:52] [Server thread/INFO]: [Vault] Loading Vault v1.7.3-b131
[08:38:52] [Server thread/INFO]: [Geyser-Spigot] Loading Geyser-Spigot v2.1.0-SNAPSHOT
[08:38:52] [Server thread/INFO]: [Geyser-Spigot] Loading extensions...
[08:38:52] [Server thread/INFO]: [Geyser-Spigot] Loaded 0 extension(s)
[08:38:52] [Server thread/INFO]: [MythicMobs] Loading MythicMobs v5.2.1-fd1d0777
[08:38:52] [Server thread/INFO]: [LumineUtils] (io.lumine.mythic.bukkit.utils.) is bound to plugin MythicMobs - io.lumine.mythic.bukkit.MythicBukkit
[08:38:52] [Server thread/INFO]: [ModelEngine] Loading ModelEngine vR3.1.4
[08:38:52] [Server thread/INFO]: [Essentials] Loading Essentials v2.20.0-dev+41-4dc994d
[08:38:52] [Server thread/INFO]: [QuickShop] Loading QuickShop v5.1.1.2
[08:38:52] [Server thread/INFO]: [QuickShop] QuickShop Reremake - Early boot step - Booting up
[08:38:53] [Server thread/INFO]: [QuickShop] [OK] Signature Verify
[08:38:53] [Server thread/INFO]: [QuickShop] [OK] Plugin Manifest Check
[08:38:53] [Server thread/INFO]: [QuickShop] [OK] Potential Infection Characteristics Check
[08:38:53] [Server thread/INFO]: [QuickShop] Reading the configuration...
[08:38:53] [Server thread/INFO]: [QuickShop] Loading messages translation over-the-air (this may need take a while).
[08:38:53] [Server thread/INFO]: [QuickShop] Translation over-the-air platform selected: Crowdin
[08:38:53] [Server thread/INFO]: [QuickShop] Checking for translation updates, this may need a while...
[08:38:53] [Server thread/INFO]: [QuickShop] Loading up integration modules.
[08:38:53] [Server thread/INFO]: [QuickShop] QuickShop Reremake - Early boot step - Complete
[08:38:53] [Server thread/INFO]: Server permissions file permissions.yml is empty, ignoring it
[08:38:53] [Server thread/INFO]: [LuckPerms] Enabling LuckPerms v5.4.40
[08:38:54] [Server thread/INFO]:         __    
[08:38:54] [Server thread/INFO]:   |    |__)   LuckPerms v5.4.40
[08:38:54] [Server thread/INFO]:   |___ |      Running on Bukkit - Paper
[08:38:54] [Server thread/INFO]: 
[08:38:54] [Server thread/INFO]: [LuckPerms] Loading configuration...
[08:38:56] [Server thread/INFO]: [LuckPerms] Loading storage provider... [H2]
[08:38:56] [Server thread/INFO]: [LuckPerms] Loading internal permission managers...
[08:38:56] [Server thread/INFO]: [LuckPerms] Performing initial data load...
[08:38:56] [Server thread/INFO]: [LuckPerms] Successfully enabled. (took 2692ms)
[08:38:56] [Server thread/INFO]: [Vault] Enabling Vault v1.7.3-b131
[08:38:56] [Server thread/WARN]: [Vault] Loaded class com.earth2me.essentials.api.Economy from Essentials v2.20.0-dev+41-4dc994d which is not a depend or softdepend of this plugin.
[08:38:56] [Server thread/INFO]: [Vault] [Economy] Essentials Economy found: Waiting
[08:38:56] [Server thread/INFO]: [Vault] [Permission] SuperPermissions loaded as backup permission system.
[08:38:56] [Server thread/INFO]: [Vault] Enabled Version 1.7.3-b131
[08:38:56] [Server thread/INFO]: [LuckPerms] Registered Vault permission & chat hook.
[08:38:56] [Server thread/INFO]: Preparing level "world"
[08:38:57] [Server thread/INFO]: Preparing start region for dimension minecraft:overworld
[08:38:57] [Server thread/INFO]: Time elapsed: 131 ms
[08:38:57] [Server thread/INFO]: Preparing start region for dimension minecraft:the_nether
[08:38:57] [Server thread/INFO]: Time elapsed: 37 ms
[08:38:57] [Server thread/INFO]: Preparing start region for dimension minecraft:the_end
[08:38:57] [Server thread/INFO]: Time elapsed: 36 ms
[08:38:57] [Server thread/INFO]: [SmallPets] Enabling SmallPets vbeta-7.2
[08:38:57] [Server thread/INFO]: ○◯  SmallPets ◆ Backup: Started process
[08:38:57] [Server thread/INFO]: ○◯  SmallPets ◆ Loaded version 1_19_R2!
[08:38:57] [Server thread/INFO]: ○◯  SmallPets ◆ Registering abilities...
[08:38:57] [Server thread/INFO]: ○◯  SmallPets ◆ Registered abilities
[08:38:57] [Server thread/INFO]: ○◯  SmallPets ◆ Registering pets...
[08:38:57] [Server thread/INFO]: ○◯  SmallPets ◆ Registered pets
[08:38:57] [Server thread/INFO]: ○◯  SmallPets ◆ Registering crafting recipes...
[08:38:57] [Server thread/INFO]: ○◯  SmallPets ◆ Registered crafting recipes!
[08:38:57] [Server thread/INFO]: ○◯  SmallPets ◆ Registering listeners...
[08:38:57] [Server thread/INFO]: ○◯  SmallPets ◆ Registered listeners!
[08:38:57] [Server thread/INFO]: ○◯  SmallPets ◆ Starting metrics...
[08:38:57] [Server thread/INFO]: ○◯  SmallPets ◆ Metrics started!
[08:38:57] [Server thread/INFO]: 
[08:38:57] [Server thread/INFO]: ○◯  SmallPets ◆ Consider joining the discord server for news and test versions!
[08:38:57] [Server thread/INFO]: ○◯  SmallPets ◆ You can join with this link: https://discordapp.com/invite/62wbxdg
[08:38:57] [Server thread/INFO]: 
[08:38:57] [Server thread/INFO]: ○◯  SmallPets ◆ One time donations are also appreciated: https://ko-fi.com/smallcode
[08:38:57] [Server thread/INFO]: [Chunky] Enabling Chunky v1.3.52
[08:38:57] [Server thread/INFO]: [floodgate] Enabling floodgate v2.2.0-SNAPSHOT (b74-4f36112)
[08:38:58] [Server thread/INFO]: [Geyser-Spigot] Enabling Geyser-Spigot v2.1.0-SNAPSHOT
[08:38:58] [Server thread/INFO]: [MythicMobs] Enabling MythicMobs v5.2.1-fd1d0777
[08:38:58] [Server thread/INFO]: [MythicMobs] Loading MythicMobs for Paper (MC: 1.19.3)...[0m
[08:38:58] [Server thread/INFO]: [MythicMobs] The server is running PaperSpigot; enabled PaperSpigot exclusive functionality[0m
[08:38:58] [Server thread/INFO]: [MythicMobs] MythicMobs Vault Support has been enabled![0m
[08:38:58] [Server thread/INFO]: [MythicMobs] Base directory C:\Users\lambe\Dropbox\PC (2)\Documents\GitHub\server-plugins\plugins\MythicMobs\SavedData
[08:38:58] [Server thread/INFO]: [MythicMobs] Module directory C:\Users\lambe\Dropbox\PC (2)\Documents\GitHub\server-plugins\plugins\MythicMobs\SavedData\worlds
[08:38:59] [Server thread/INFO]: [MythicMobs] [36mLOADED[0m
[08:38:59] [Server thread/INFO]: [MythicMobs] Loading Packs...[0m
[08:38:59] [Server thread/INFO]: [MythicMobs] Loading Items...[0m
[08:38:59] [Server thread/INFO]: [MythicMobs] Loading Item Groups...[0m
[08:38:59] [Server thread/INFO]: [MythicMobs] Loading Skills...[0m
[08:38:59] [Server thread/WARN]: [MythicMobs] Failed to parse Placeholder '"<caster.hp><&fs><caster.mhp>"': Math and variables in numeric values require premium! Consider getting MythicMobs Premium at www.mythiccraft.io[0m[0m
[08:38:59] [Server thread/WARN]: [MythicMobs] Failed to parse Placeholder '"<caster.hp><&fs><caster.mhp>"': Math and variables in numeric values require premium! Consider getting MythicMobs Premium at www.mythiccraft.io[0m[0m
[08:38:59] [Server thread/WARN]: [MythicMobs] Failed to parse Placeholder '"<caster.hp><&fs><caster.mhp>"': Math and variables in numeric values require premium! Consider getting MythicMobs Premium at www.mythiccraft.io[0m[0m
[08:38:59] [Server thread/WARN]: [MythicMobs] Failed to parse Placeholder '"<caster.hp><&fs><caster.mhp>"': Math and variables in numeric values require premium! Consider getting MythicMobs Premium at www.mythiccraft.io[0m[0m
[08:38:59] [Server thread/WARN]: [MythicMobs] ✗[31m[1m Configuration Error in Mechanic [36mdamage[0m[0m
[08:38:59] [Server thread/WARN]: [MythicMobs] --| [31mFile: [37mC:\Users\lambe\Dropbox\PC (2)\Documents\GitHub\server-plugins\plugins\MythicMobs\Skills\littleroom\kindletron2.yml[0m[0m
[08:38:59] [Server thread/WARN]: [MythicMobs] --| [35mError Message: [0mCustom damage types require MythicMobs Premium to use.[0m[0m
[08:38:59] [Server thread/WARN]: [MythicMobs] --| [35mMechanic Line: [0mdamage{amount=3;element=FIRE}[0m[0m
[08:39:00] [Server thread/INFO]: [MythicMobs] Loading Drop Tables...[0m
[08:39:00] [Server thread/INFO]: [MythicMobs] Loading Random Spawns...[0m
[08:39:00] [Server thread/INFO]: [MythicMobs] Loading Spawn Blocks...[0m
[08:39:00] [Server thread/INFO]: [MythicMobs] [32m✓[37m Loaded 13 mobs.[0m
[08:39:00] [Server thread/INFO]: [MythicMobs] [32m✓[37m Loaded 3 vanilla mob overrides.[0m
[08:39:00] [Server thread/INFO]: [MythicMobs] [32m✓[37m Loaded 0 mob stacks.[0m
[08:39:00] [Server thread/INFO]: [MythicMobs] [32m✓[37m Loaded 30 skills.[0m
[08:39:00] [Server thread/INFO]: [MythicMobs] [32m✓[37m Loaded 0 random spawns.[0m
[08:39:00] [Server thread/INFO]: [MythicMobs] [32m✓[37m Loaded 3 mythic items.[0m
[08:39:00] [Server thread/INFO]: [MythicMobs] [32m✓[37m Loaded 2 drop tables.[0m
[08:39:00] [Server thread/INFO]: [MythicMobs] [32m✓[37m Loaded 0 mob spawners.[0m
[08:39:00] [Server thread/INFO]: [MythicMobs] MythicMobs configuration file loaded successfully.[0m
[08:39:00] [Server thread/INFO]: [MythicMobs] Started up bStats Metrics[0m
[08:39:00] [Server thread/INFO]: [MythicMobs] [32m✓ MythicMobs v5.2.1 ( build fd1d0777 ) has been successfully loaded![0m[0m
[08:39:00] [Server thread/INFO]: [ModelEngine] Enabling ModelEngine vR3.1.4
[08:39:00] [Server thread/INFO]: [MythicMobs] Model Engine Compatibility Loaded.[0m
[08:39:00] [Server thread/INFO]: [ModelEngine] Compatibility applied: MythicMobs[0m
[08:39:00] [Server thread/INFO]: [Essentials] Enabling Essentials v2.20.0-dev+41-4dc994d
[08:39:00] [Server thread/INFO]: [Essentials] Attempting to convert old kits in config.yml to new kits.yml
[08:39:00] [Server thread/INFO]: [Essentials] No kits found to migrate.
[08:39:00] [Server thread/INFO]: [Essentials] Loaded 38132 items from items.json.
[08:39:00] [Server thread/INFO]: [Essentials] Using locale en_CA
[08:39:00] [Server thread/INFO]: [Essentials] ServerListPingEvent: Spigot iterator API
[08:39:00] [Server thread/INFO]: [Essentials] Starting Metrics. Opt-out using the global bStats config.
[08:39:00] [Server thread/INFO]: [Vault] [Economy] Essentials Economy hooked.
[08:39:00] [Server thread/INFO]: [Essentials] Using Vault based permissions (LuckPerms)
[08:39:00] [Server thread/INFO]: [QuickShop] Enabling QuickShop v5.1.1.2
[08:39:00] [Server thread/INFO]: [QuickShop] QuickShop Reremake
[08:39:00] [Server thread/INFO]: [QuickShop] Starting plugin self-test, please wait...
[08:39:00] [Server thread/INFO]: [QuickShop] [OK] Signature Verify
[08:39:00] [Server thread/INFO]: [QuickShop] [OK] Java Runtime Environment Version Test
[08:39:00] [Server thread/INFO]: [QuickShop] [OK] Plugin Manifest Check
[08:39:00] [Server thread/INFO]: [QuickShop] [OK] Potential Infection Characteristics Check
[08:39:00] [Server thread/INFO]: [QuickShop] Running QuickShop-Reremake on NMS version v1_19_R2 For Minecraft version 1.19.3
[08:39:00] [Server thread/INFO]: [QuickShop] [OK] Spigot Based Server Test
[08:39:00] [Server thread/INFO]: [QuickShop] [OK] Old QuickShop Test
[08:39:00] [Server thread/INFO]: [QuickShop] [OK] ModdedServer Based Test
[08:39:00] [Server thread/INFO]: [QuickShop] [OK] CoreSupport Test
[08:39:00] [Server thread/WARN]: [QuickShop] [WARN] Virtual DisplayItem Support Test: ProtocolLib is not installed, virtual DisplayItem seems will not work on your server.
[08:39:00] [Server thread/INFO]: [QuickShop] [OK] GameVersion supporting Test
[08:39:00] [Server thread/INFO]: [QuickShop] [OK] Permission Manager Test
[08:39:00] [Server thread/INFO]: [QuickShop] [OK] PacketListenerAPI Conflict Test
[08:39:00] [Server thread/INFO]: [QuickShop] [OK] End of life Test
[08:39:00] [Server thread/INFO]: [QuickShop] Reading the configuration...
[08:39:01] [Server thread/INFO]: [QuickShop] Developers: PotatoCraft Studio, Netherfoam, Timtower, KaiNoMood (KaiKikuchi), jho5245, Ghost_chu, cakoyo, Ectabro, portlek, log4b0at, Andre601, deadman96385, Vlvxingze, DoctaEnkoda, Mgazul, TiaraRinne, sandtechnology, Starmism, Chris6ix, Rean Schwarzer, mart-r, raphtaliapt, Tim269, creatorfromhell, LoneDev6, judgetread, confuxeon, ibmibmibm, yannicklamprecht, PyvesB, PaulBGD, ORelio, JoschuaSchneider, Starmium, harry0198, efekurbann, tdiant
[08:39:01] [Server thread/INFO]: [QuickShop] Original author: Netherfoam, Timtower, KaiNoMood
[08:39:01] [Server thread/INFO]: [QuickShop] Let's start loading the plugin
[08:39:01] [Server thread/INFO]: [QuickShop] Chat processor selected: Hardcoded BungeeChat Lib
[08:39:01] [Server thread/INFO]: [QuickShop] Loading plugin translations files...
[08:39:01] [Server thread/INFO]: [QuickShop] Game assets server selected: Mojang API
[08:39:01] [Server thread/INFO]: [QuickShop] Loading items translations...
[08:39:01] [Server thread/INFO]: [QuickShop] Loading enchantments translations...
[08:39:01] [Server thread/INFO]: [QuickShop] Loading potions translations...
[08:39:01] [Server thread/WARN]: [QuickShop] You're using Real Display system and that may cause your server lagg, switch to Virtual Display system if you can!
[08:39:01] [Server thread/INFO]: [QuickShop] Setting up database...
[08:39:01] [Server thread/INFO]: [QuickShop] Checking and updating database columns, it may take a while...
[08:39:01] [Server thread/INFO]: [QuickShop] Finished!
[08:39:01] [Server thread/INFO]: [QuickShop] Selected permission provider: Bukkit
[08:39:01] [Server thread/INFO]: [QuickShop] Registering commands...
[08:39:01] [Server thread/INFO]: [QuickShop] Loaded 1 rules for listener blacklist.
[08:39:01] [Server thread/INFO]: [QuickShop] EventManager selected: QSEventManager
[08:39:01] [Server thread/INFO]: [QuickShop] Fetching shops from the database...If plugin stuck there, check your database connection.
[08:39:01] [Server thread/INFO]: [QuickShop] Loading shops from the database...
[08:39:01] [Server thread/INFO]: [QuickShop] >> Shop Loader Information
[08:39:01] [Server thread/INFO]: [QuickShop] Total           shops: 0
[08:39:01] [Server thread/INFO]: [QuickShop] Valid           shops: 0
[08:39:01] [Server thread/INFO]: [QuickShop] Pending              : 0
[08:39:01] [Server thread/INFO]: [QuickShop] Waiting worlds loaded: 0
[08:39:01] [Server thread/INFO]: [QuickShop] Waiting chunks loaded: 0
[08:39:01] [Server thread/INFO]: [QuickShop] Done! Used 2ms to loaded shops in database.
[08:39:01] [Server thread/INFO]: [QuickShop] Registering listeners...
[08:39:01] [Server thread/INFO]: [QuickShop] Registering DisplayCheck task....
[08:39:01] [Server thread/INFO]: [QuickShop] Cleaning MsgUtils...
[08:39:01] [Server thread/INFO]: [QuickShop] Cleaning purchase messages from the database that are over a week old...
[08:39:01] [Server thread/INFO]: [QuickShop] Log actions is enabled, actions will log in the qs.log file!
[08:39:01] [Server thread/INFO]: [QuickShop] [Shop Purger] Purge not enabled!
[08:39:01] [Server thread/INFO]: [QuickShop] QuickShop Loaded! 634 ms.
[08:39:01] [Server thread/INFO]: [Geyser-Spigot] ******************************************
[08:39:01] [Server thread/INFO]: [Geyser-Spigot] 
[08:39:01] [Server thread/INFO]: [Geyser-Spigot] Loading Geyser version 2.1.0-SNAPSHOT (git-master-f9705c1)
[08:39:01] [Server thread/INFO]: [Geyser-Spigot] 
[08:39:01] [Server thread/INFO]: [Geyser-Spigot] ******************************************
[08:39:03] [Network Listener - #1/INFO]: [Geyser-Spigot] Started Geyser on 0.0.0.0:19132
[08:39:03] [Server thread/INFO]: [Geyser-Spigot] Done (2.25s)! Run /geyser help for help!
[08:39:03] [Server thread/INFO]: Running delayed init tasks
[08:39:03] [Server thread/INFO]: [Essentials] Essentials found a compatible payment resolution method: Vault Compatibility Layer (v1.7.3-b131)!
[08:39:03] [Server thread/INFO]: [QuickShop] Registering bStats metrics...
[08:39:03] [Craft Scheduler Thread - 4 - ModelEngine/INFO]: [ModelEngine] [0m
[08:39:03] [Craft Scheduler Thread - 5 - Essentials/INFO]: [Essentials] Fetching version information...
[08:39:03] [Craft Scheduler Thread - 4 - ModelEngine/INFO]: [ModelEngine] [1m[36m[Importing models][0m
[08:39:03] [Craft Scheduler Thread - 0 - Vault/INFO]: [Vault] Checking for Updates ... 
[08:39:03] [Craft Scheduler Thread - 4 - ModelEngine/INFO]: [ModelEngine] [0m
[08:39:03] [Craft Scheduler Thread - 4 - ModelEngine/INFO]: [ModelEngine] [36mImporting kindletron2.bbmodel.[0m
[08:39:03] [Server thread/INFO]: [QuickShop] Using economy system: EssentialsX Economy
[08:39:03] [Server thread/WARN]: [QuickShop] QuickShop detected tax account not exists, we're trying to create one. If you see any errors, please change tax-account in config.yml to server owner in-game username
[08:39:03] [Server thread/INFO]: [Essentials] Created a User for Tax (2c5f00ba-902c-411b-b9b9-9261cf43aee1) for non Bukkit type: com.earth2me.essentials.OfflinePlayer
[08:39:03] [Craft Scheduler Thread - 0 - Vault/INFO]: [Vault] No new version available
[08:39:03] [Server thread/INFO]: [QuickShop] Tax account created.
[08:39:03] [Server thread/INFO]: Done (17.769s)! For help, type "help"
[08:39:03] [Server thread/INFO]: Timings Reset
[08:39:03] [Craft Scheduler Thread - 4 - ModelEngine/INFO]: [ModelEngine] [0m
[08:39:03] [Craft Scheduler Thread - 4 - ModelEngine/INFO]: [ModelEngine] [36mImporting kindletron2_damaged.bbmodel.[0m
[08:39:03] [Craft Scheduler Thread - 4 - ModelEngine/WARN]: [ModelEngine] [33m--Warning: Missing hitbox.[0m
[08:39:03] [Craft Scheduler Thread - 4 - ModelEngine/INFO]: [ModelEngine] [0m
[08:39:03] [Craft Scheduler Thread - 4 - ModelEngine/INFO]: [ModelEngine] [36mImporting pug.bbmodel.[0m
[08:39:03] [Craft Scheduler Thread - 4 - ModelEngine/WARN]: [ModelEngine] [33m--Warning: Missing hitbox.[0m
[08:39:03] [Craft Scheduler Thread - 4 - ModelEngine/INFO]: [ModelEngine] [0m
[08:39:03] [Craft Scheduler Thread - 4 - ModelEngine/INFO]: [ModelEngine] [36mImporting wyvern.bbmodel.[0m
[08:39:03] [Craft Scheduler Thread - 4 - ModelEngine/INFO]: [ModelEngine] [0m
[08:39:03] [Craft Scheduler Thread - 4 - ModelEngine/INFO]: [ModelEngine] [1m[35m[Generating assets][0m
[08:39:03] [Craft Scheduler Thread - 4 - ModelEngine/INFO]: [ModelEngine] [0m
[08:39:03] [Craft Scheduler Thread - 4 - ModelEngine/INFO]: [ModelEngine] [35mGenerating kindletron2.[0m
[08:39:04] [Craft Scheduler Thread - 4 - ModelEngine/INFO]: [ModelEngine] [0m
[08:39:04] [Craft Scheduler Thread - 4 - ModelEngine/INFO]: [ModelEngine] [35mGenerating kindletron2_damaged.[0m
[08:39:04] [Craft Scheduler Thread - 4 - ModelEngine/INFO]: [ModelEngine] [0m
[08:39:04] [Craft Scheduler Thread - 4 - ModelEngine/INFO]: [ModelEngine] [35mGenerating pug.[0m
[08:39:04] [Craft Scheduler Thread - 4 - ModelEngine/INFO]: [ModelEngine] [0m
[08:39:04] [Craft Scheduler Thread - 4 - ModelEngine/INFO]: [ModelEngine] [35mGenerating wyvern.[0m
[08:39:04] [Craft Scheduler Thread - 4 - ModelEngine/INFO]: [ModelEngine] [0m
[08:39:04] [Craft Scheduler Thread - 4 - ModelEngine/INFO]: [ModelEngine] [38;5;46mResource pack zipped.[0m
[08:39:04] [ForkJoinPool.commonPool-worker-2/WARN]: [Geyser-Spigot] Missing MC locale file: en_us
[08:39:04] [ForkJoinPool.commonPool-worker-2/INFO]: [Geyser-Spigot] Downloading Minecraft JAR to extract required files, please wait... (this may take some time depending on the speed of your internet connection)
[08:39:11] [ForkJoinPool.commonPool-worker-2/INFO]: [Geyser-Spigot] Minecraft JAR has been successfully downloaded and loaded!
[08:39:33] [Server thread/INFO]: Plugins (10): Chunky, Essentials, floodgate, Geyser-Spigot, LuckPerms, ModelEngine, MythicMobs, QuickShop, SmallPets, Vault
[08:40:37] [luckperms-command-executor/INFO]: [LP] A user for Mrblockbuster555 could not be found.
[08:41:17] [luckperms-command-executor/INFO]: [LP] A user for Mrblockbuster555 could not be found.
[08:41:25] [User Authenticator #0/INFO]: UUID of player Mrblockbuster555 is 0fe50204-06a9-4db5-912b-0ceb733acd81
[08:41:25] [Server thread/INFO]: Mrblockbuster555 joined the game
[08:41:25] [Server thread/INFO]: Mrblockbuster555[/127.0.0.1:64409] logged in with entity id 238 at ([world]-551.6801885181246, 72.0, -94.65044775976675)
[08:41:25] [Server thread/WARN]: [Essentials] Permissions lag notice with (LuckPermsHandler). Response took 42.784300ms. Summary: Getting group for Mrblockbuster555
[08:41:49] [Server thread/INFO]: Named entity EntityPig['Pug Spawn Egg'/125, uuid='4270a48f-9393-4843-811c-716005bdc392', l='ServerLevel[world]', x=-562.59, y=62.10, z=-103.55, cpos=[-36, -7], tl=108038, v=true] died: Pug Spawn Egg drowned
[08:41:51] [Server thread/INFO]: Mrblockbuster555 issued server command: /smallpets
[08:42:34] [luckperms-command-executor/INFO]: [LP] Set luckperms.* to true for mrblockbuster555 in context global.
[08:42:50] [luckperms-command-executor/INFO]: [LP] Running LuckPerms v5.4.40.
[08:42:50] [luckperms-command-executor/INFO]: > /lp user <user>
[08:42:50] [luckperms-command-executor/INFO]: > /lp group <group>
[08:42:50] [luckperms-command-executor/INFO]: > /lp track <track>
[08:42:50] [luckperms-command-executor/INFO]: > /lp log
[08:42:50] [luckperms-command-executor/INFO]: > /lp sync
[08:42:50] [luckperms-command-executor/INFO]: > /lp info
[08:42:50] [luckperms-command-executor/INFO]: > /lp editor [type]
[08:42:50] [luckperms-command-executor/INFO]: > /lp verbose <on|record|off|upload> [filter]
[08:42:50] [luckperms-command-executor/INFO]: > /lp tree [scope] [player]
[08:42:50] [luckperms-command-executor/INFO]: > /lp search <permission>
[08:42:50] [luckperms-command-executor/INFO]: > /lp networksync
[08:42:50] [luckperms-command-executor/INFO]: > /lp import <file>
[08:42:50] [luckperms-command-executor/INFO]: > /lp export <file>
[08:42:50] [luckperms-command-executor/INFO]: > /lp reloadconfig
[08:42:50] [luckperms-command-executor/INFO]: > /lp bulkupdate
[08:42:50] [luckperms-command-executor/INFO]: > /lp translations
[08:42:50] [luckperms-command-executor/INFO]: > /lp creategroup <group>
[08:42:50] [luckperms-command-executor/INFO]: > /lp deletegroup <group>
[08:42:50] [luckperms-command-executor/INFO]: > /lp listgroups
[08:42:50] [luckperms-command-executor/INFO]: > /lp createtrack <track>
[08:42:50] [luckperms-command-executor/INFO]: > /lp deletetrack <track>
[08:42:50] [luckperms-command-executor/INFO]: > /lp listtracks
[08:43:05] [Server thread/INFO]: Named entity EntityPig['Pug Spawn Egg'/124, uuid='653abd7c-d2b2-4e8b-adeb-a93ad9490d6f', l='ServerLevel[world]', x=-565.55, y=62.10, z=-102.55, cpos=[-36, -7], tl=109829, v=true] died: Pug Spawn Egg drowned
[08:43:09] [luckperms-command-executor/INFO]: [LP] admin was successfully created.
[08:44:01] [luckperms-command-executor/INFO]: [LP] Set minecraft.* to true for admin in context global.
[08:44:14] [Server thread/INFO]: Made Mrblockbuster555 no longer a server operator
[08:44:22] [Server thread/INFO]: Mrblockbuster555 issued server command: /tm cat
[08:44:45] [Server thread/INFO]: Mrblockbuster555 issued server command: /qs fetchmessage
[08:45:54] [Server thread/INFO]: Mrblockbuster555 lost connection: Disconnected
[08:45:55] [Server thread/INFO]: Mrblockbuster555 left the game
[08:46:16] [Server thread/INFO]: Made Mrblockbuster555 a server operator
[08:46:42] [luckperms-command-executor/INFO]: [LP] mrblockbuster555 now inherits permissions from admin in context global.
[08:47:45] [luckperms-command-executor/INFO]: [LP] modelmaker was successfully created.
[08:47:57] [luckperms-command-executor/INFO]: [LP] player was successfully created.
[08:49:04] [luckperms-command-executor/INFO]: [LP] Command not recognised.
[08:50:48] [luckperms-command-executor/INFO]: [LP] Set modelengine.* to true for modelmaker in context global.
[08:51:22] [luckperms-command-executor/INFO]: [LP] admin now inherits permissions from modelmaker in context global.
[08:51:55] [luckperms-command-executor/INFO]: [LP] modelmaker now inherits permissions from player in context global.
[08:52:42] [luckperms-command-executor/INFO]: [LP] Set quickshop.player to true for player in context global.
[08:54:26] [luckperms-command-executor/INFO]: [LP] Set myticmobs.admin to true for modelmaker in context global.
[08:58:38] [luckperms-command-executor/INFO]: [LP] Set chunky.command.* to true for admin in context global.
[09:02:19] [luckperms-command-executor/INFO]: [LP] A user for Frannygkotm could not be found.
[09:12:06] [luckperms-command-executor/INFO]: [LP] Set essentials.balance to true for player in context global.
[09:12:52] [luckperms-command-executor/INFO]: [LP] Set essentials.afk to true for player in context global.
[09:13:51] [luckperms-command-executor/INFO]: [LP] Set essentials.balancetop to true for player in context global.
[09:15:27] [luckperms-command-executor/INFO]: [LP] Set essentials.hat to true for player in context global.
[09:18:33] [luckperms-command-executor/INFO]: [LP] Set essentials.kittycannon to true for player in context global.
[09:19:01] [luckperms-command-executor/INFO]: [LP] Set essentials.mail.* to true for player in context global.
[09:20:20] [luckperms-command-executor/INFO]: [LP] Set essentials.pay.* to true for player in context global.
[09:20:36] [luckperms-command-executor/INFO]: [LP] Set essentials.powertool to true for player in context global.
[09:21:24] [luckperms-command-executor/INFO]: [LP] Set essentials.home to true for player in context global.
[09:21:45] [luckperms-command-executor/INFO]: [LP] Set essentials.sethome.* to true for player in context global.
[09:22:11] [luckperms-command-executor/INFO]: [LP] Set essentials.suicide to true for player in context global.
[09:25:44] [Server thread/INFO]: Stopping the server
[09:25:44] [Server thread/INFO]: Stopping server
[09:25:44] [Server thread/INFO]: [QuickShop] Disabling QuickShop v5.1.1.2
[09:25:44] [Server thread/INFO]: [QuickShop] QuickShop is finishing remaining work, this may need a while...
[09:25:44] [Server thread/INFO]: [QuickShop] Please wait for the data to flush its data...
[09:25:44] [Server thread/INFO]: [Essentials] Disabling Essentials v2.20.0-dev+41-4dc994d
[09:25:44] [Server thread/INFO]: [Vault] [Economy] Essentials Economy unhooked.
[09:25:44] [Server thread/INFO]: [ModelEngine] Disabling ModelEngine vR3.1.4
[09:25:44] [Server thread/INFO]: [MythicMobs] Disabling MythicMobs v5.2.1-fd1d0777
[09:25:44] [Server thread/INFO]: [MythicMobs] Disabling Mythic Mobs...[0m
[09:25:44] [Server thread/INFO]: [MythicMobs] All active settings have been saved.[0m
[09:25:44] [Server thread/INFO]: [MythicMobs] [36mUNLOADED[0m
[09:25:44] [Server thread/INFO]: [Geyser-Spigot] Disabling Geyser-Spigot v2.1.0-SNAPSHOT
[09:25:44] [Server thread/INFO]: [Geyser-Spigot] Shutting down Geyser.
[09:25:44] [Server thread/INFO]: [Geyser-Spigot] Geyser shutdown successfully.
[09:25:44] [Server thread/INFO]: [Vault] Disabling Vault v1.7.3-b131
[09:25:44] [Server thread/INFO]: [floodgate] Disabling floodgate v2.2.0-SNAPSHOT (b74-4f36112)
[09:25:44] [Server thread/INFO]: [Chunky] Disabling Chunky v1.3.52
[09:25:44] [Server thread/INFO]: [SmallPets] Disabling SmallPets vbeta-7.2
[09:25:44] [Server thread/INFO]: ○◯  SmallPets ◆ Backup: Stopped process
[09:25:44] [Server thread/INFO]: [LuckPerms] Disabling LuckPerms v5.4.40
[09:25:44] [Server thread/INFO]: [LuckPerms] Starting shutdown process...
[09:25:44] [Server thread/INFO]: [LuckPerms] Closing storage...
[09:25:44] [WebSocketConnectReadThread-144/INFO]: [Geyser-Spigot] The skin uploader has been closed
[09:25:44] [Server thread/INFO]: [LuckPerms] Goodbye!
[09:25:44] [Server thread/INFO]: Saving players
[09:25:44] [Server thread/INFO]: Saving worlds
[09:25:44] [Server thread/INFO]: Saving chunks for level 'ServerLevel[world]'/minecraft:overworld
[09:25:44] [Server thread/INFO]: [ChunkHolderManager] Waiting 60s for chunk system to halt for world 'world'
[09:25:44] [Server thread/INFO]: [ChunkHolderManager] Halted chunk system for world 'world'
[09:25:44] [Server thread/INFO]: [ChunkHolderManager] Saving all chunkholders for world 'world'
[09:25:44] [Server thread/INFO]: [ChunkHolderManager] Saved 0 block chunks, 101 entity chunks, 0 poi chunks in world 'world' in 0.02s
[09:25:44] [Server thread/INFO]: ThreadedAnvilChunkStorage (world): All chunks are saved
[09:25:44] [Server thread/INFO]: Saving chunks for level 'ServerLevel[world_nether]'/minecraft:the_nether
[09:25:44] [Server thread/INFO]: [ChunkHolderManager] Waiting 60s for chunk system to halt for world 'world_nether'
[09:25:44] [Server thread/INFO]: [ChunkHolderManager] Halted chunk system for world 'world_nether'
[09:25:44] [Server thread/INFO]: [ChunkHolderManager] Saving all chunkholders for world 'world_nether'
[09:25:44] [Server thread/INFO]: [ChunkHolderManager] Saved 0 block chunks, 8 entity chunks, 0 poi chunks in world 'world_nether' in 0.00s
[09:25:44] [Server thread/INFO]: ThreadedAnvilChunkStorage (DIM-1): All chunks are saved
[09:25:44] [Server thread/INFO]: Saving chunks for level 'ServerLevel[world_the_end]'/minecraft:the_end
[09:25:44] [Server thread/INFO]: [ChunkHolderManager] Waiting 60s for chunk system to halt for world 'world_the_end'
[09:25:44] [Server thread/INFO]: [ChunkHolderManager] Halted chunk system for world 'world_the_end'
[09:25:44] [Server thread/INFO]: [ChunkHolderManager] Saving all chunkholders for world 'world_the_end'
[09:25:44] [Server thread/INFO]: [ChunkHolderManager] Saved 10 block chunks, 10 entity chunks, 0 poi chunks in world 'world_the_end' in 0.01s
[09:25:44] [Server thread/INFO]: ThreadedAnvilChunkStorage (DIM1): All chunks are saved
[09:25:44] [Server thread/INFO]: ThreadedAnvilChunkStorage: All dimensions are saved
[09:25:44] [Server thread/INFO]: Flushing Chunk IO
[09:25:44] [Server thread/INFO]: Closing Thread Pool
[09:25:44] [Server thread/INFO]: Closing Server
